#
# There is insufficient memory for the Java Runtime Environment to continue.
# Native memory allocation (mmap) failed to map 113246208 bytes for G1 virtual space
# Possible reasons:
#   The system is out of physical RAM or swap space
#   The process is running with CompressedOops enabled, and the Java Heap may be blocking the growth of the native heap
# Possible solutions:
#   Reduce memory load on the system
#   Increase physical memory or swap space
#   Check if swap backing store is full
#   Decrease Java heap size (-Xmx/-Xms)
#   Decrease number of Java threads
#   Decrease Java thread stack sizes (-Xss)
#   Set larger code cache with -XX:ReservedCodeCacheSize=
#   JVM is running with Zero Based Compressed Oops mode in which the Java heap is
#     placed in the first 32GB address space. The Java Heap base address is the
#     maximum limit for the native heap growth. Please use -XX:HeapBaseMinAddress
#     to set the Java Heap base and to place the Java Heap above 32GB virtual address.
# This output file may be truncated or incomplete.
#
#  Out of Memory Error (os_windows.cpp:3528), pid=57600, tid=55788
#
# JRE version: Java(TM) SE Runtime Environment (20.0.2+9) (build 20.0.2+9-78)
# Java VM: Java HotSpot(TM) 64-Bit Server VM (20.0.2+9-78, mixed mode, sharing, tiered, compressed oops, compressed class ptrs, g1 gc, windows-amd64)
# No core dump will be written. Minidumps are not enabled by default on client versions of Windows
#

---------------  S U M M A R Y ------------

Command Line: -javaagent:C:\Users\3124\AppData\Local\JetBrains\IntelliJ IDEA Community Edition 2023.3.2\lib\idea_rt.jar=61890:C:\Users\3124\AppData\Local\JetBrains\IntelliJ IDEA Community Edition 2023.3.2\bin -Dfile.encoding=UTF-8 -Dsun.stdout.encoding=UTF-8 -Dsun.stderr.encoding=UTF-8 com.example.reactiveprogramming.LearnReactiveProgrammingApplication

Host: Intel(R) Core(TM) i3-8109U CPU @ 3.00GHz, 4 cores, 15G,  Windows 11 , 64 bit Build 22621 (10.0.22621.2506)
Time: Thu Dec 28 14:48:43 2023 India Standard Time elapsed time: 1737.572092 seconds (0d 0h 28m 57s)

---------------  T H R E A D  ---------------

Current thread (0x000002a5d2659cd0):  VMThread "VM Thread" [stack: 0x000000ee95b00000,0x000000ee95c00000] [id=55788]

Stack: [0x000000ee95b00000,0x000000ee95c00000]
Native frames: (J=compiled Java code, j=interpreted, Vv=VM code, C=native code)
V  [jvm.dll+0x6bc25a]
V  [jvm.dll+0x84971a]
V  [jvm.dll+0x84b315]
V  [jvm.dll+0x84ba13]
V  [jvm.dll+0x280e4f]
V  [jvm.dll+0x6b8fe9]
V  [jvm.dll+0x6adbca]
V  [jvm.dll+0x35b165]
V  [jvm.dll+0x363386]
V  [jvm.dll+0x3b400e]
V  [jvm.dll+0x3b4295]
V  [jvm.dll+0x32b86a]
V  [jvm.dll+0x32b917]
V  [jvm.dll+0x373cc2]
V  [jvm.dll+0x3724c0]
V  [jvm.dll+0x32afb1]
V  [jvm.dll+0x371ba6]
V  [jvm.dll+0x85135e]
V  [jvm.dll+0x852471]
V  [jvm.dll+0x852979]
V  [jvm.dll+0x852bf3]
V  [jvm.dll+0x7f5c76]
V  [jvm.dll+0x6baecb]
C  [ucrtbase.dll+0x29363]
C  [KERNEL32.DLL+0x1257d]
C  [ntdll.dll+0x5aa58]

VM_Operation (0x000000ee965fd510): G1CollectForAllocation, mode: safepoint, requested by thread 0x000002a6193b9c10


---------------  P R O C E S S  ---------------

Threads class SMR info:
_java_thread_list=0x000002a61a077a90, length=17, elements={
0x000002a5d2676250, 0x000002a5d26771f0, 0x000002a5d2678190, 0x000002a5d267bbf0,
0x000002a5d267c530, 0x000002a5d267ce70, 0x000002a5d267dae0, 0x000002a5d2681690,
0x000002a5d26427f0, 0x000002a617ade810, 0x000002a618c19050, 0x000002a6193bd130,
0x000002a6193bb150, 0x000002a6193bb6a0, 0x000002a6193bbbf0, 0x000002a6193b9c10,
0x000002a618788290
}

Java Threads: ( => current thread )
  0x000002a5d2676250 JavaThread "Reference Handler" daemon [_thread_blocked, id=15592, stack(0x000000ee95c00000,0x000000ee95d00000)]
  0x000002a5d26771f0 JavaThread "Finalizer" daemon [_thread_blocked, id=57520, stack(0x000000ee95d00000,0x000000ee95e00000)]
  0x000002a5d2678190 JavaThread "Signal Dispatcher" daemon [_thread_blocked, id=57524, stack(0x000000ee95e00000,0x000000ee95f00000)]
  0x000002a5d267bbf0 JavaThread "Attach Listener" daemon [_thread_blocked, id=55304, stack(0x000000ee95f00000,0x000000ee96000000)]
  0x000002a5d267c530 JavaThread "Service Thread" daemon [_thread_blocked, id=47936, stack(0x000000ee96000000,0x000000ee96100000)]
  0x000002a5d267ce70 JavaThread "Monitor Deflation Thread" daemon [_thread_blocked, id=40076, stack(0x000000ee96100000,0x000000ee96200000)]
  0x000002a5d267dae0 JavaThread "C2 CompilerThread0" daemon [_thread_blocked, id=54752, stack(0x000000ee96200000,0x000000ee96300000)]
  0x000002a5d2681690 JavaThread "C1 CompilerThread0" daemon [_thread_blocked, id=58340, stack(0x000000ee96300000,0x000000ee96400000)]
  0x000002a5d26427f0 JavaThread "Common-Cleaner" daemon [_thread_blocked, id=57748, stack(0x000000ee96400000,0x000000ee96500000)]
  0x000002a617ade810 JavaThread "Notification Thread" daemon [_thread_blocked, id=45416, stack(0x000000ee96600000,0x000000ee96700000)]
  0x000002a618c19050 JavaThread "boundedElastic-evictor-1" daemon [_thread_blocked, id=58316, stack(0x000000ee96e00000,0x000000ee96f00000)]
  0x000002a6193bd130 JavaThread "Live Reload Server" daemon [_thread_in_native, id=53604, stack(0x000000ee97100000,0x000000ee97200000)]
  0x000002a6193bb150 JavaThread "DestroyJavaVM" [_thread_blocked, id=50476, stack(0x000000ee95500000,0x000000ee95600000)]
  0x000002a6193bb6a0 JavaThread "Thread-48" [_thread_blocked, id=52264, stack(0x000000ee95300000,0x000000ee95400000)]
  0x000002a6193bbbf0 JavaThread "globalEventExecutor-2-14" [_thread_blocked, id=40420, stack(0x000000ee95400000,0x000000ee95500000)]
  0x000002a6193b9c10 JavaThread "restartedMain" [_thread_blocked, id=33892, stack(0x000000ee96500000,0x000000ee96600000)]
  0x000002a618788290 JavaThread "C2 CompilerThread1" daemon [_thread_blocked, id=11980, stack(0x000000ee96800000,0x000000ee96900000)]

Other Threads:
=>0x000002a5d2659cd0 VMThread "VM Thread" [stack: 0x000000ee95b00000,0x000000ee95c00000] [id=55788]
  0x000002a617bfe810 WatcherThread "VM Periodic Task Thread" [stack: 0x000000ee96700000,0x000000ee96800000] [id=54760]
  0x000002a5b1a843b0 WorkerThread "GC Thread#0" [stack: 0x000000ee95600000,0x000000ee95700000] [id=57988]
  0x000002a617e863b0 WorkerThread "GC Thread#1" [stack: 0x000000ee96900000,0x000000ee96a00000] [id=53016]
  0x000002a617e86680 WorkerThread "GC Thread#2" [stack: 0x000000ee96a00000,0x000000ee96b00000] [id=41880]
  0x000002a617e86950 WorkerThread "GC Thread#3" [stack: 0x000000ee96b00000,0x000000ee96c00000] [id=10256]
  0x000002a5b1a950c0 ConcurrentGCThread "G1 Main Marker" [stack: 0x000000ee95700000,0x000000ee95800000] [id=58344]
  0x000002a5b1a95c90 WorkerThread "G1 Conc#0" [stack: 0x000000ee95800000,0x000000ee95900000] [id=54812]
  0x000002a5d2517500 ConcurrentGCThread "G1 Refine#0" [stack: 0x000000ee95900000,0x000000ee95a00000] [id=55128]
  0x000002a5b1acd510 ConcurrentGCThread "G1 Service" [stack: 0x000000ee95a00000,0x000000ee95b00000] [id=56776]

Threads with active compile tasks:
C2 CompilerThread0  1737628 5755   !   4       org.springframework.beans.factory.support.AbstractBeanFactory::doGetBean (740 bytes)
C2 CompilerThread1  1737628 5754   !   4       org.springframework.core.env.PropertiesPropertySource::getPropertyNames (22 bytes)

VM state: at safepoint (normal execution)

VM Mutex/Monitor currently owned by a thread:  ([mutex/lock_event])
[0x000002a5b1a0e730] Threads_lock - owner thread: 0x000002a5d2659cd0
[0x000002a5b1a0f4b0] Heap_lock - owner thread: 0x000002a6193b9c10

Heap address: 0x0000000702000000, size: 4064 MB, Compressed Oops mode: Zero based, Oop shift amount: 3

CDS archive(s) mapped at: [0x000002a5d2800000-0x000002a5d3460000-0x000002a5d3460000), size 12976128, SharedBaseAddress: 0x000002a5d2800000, ArchiveRelocationMode: 1.
Compressed class space mapped at: 0x000002a5d3800000-0x000002a613800000, reserved size: 1073741824
Narrow klass base: 0x000002a5d2800000, Narrow klass shift: 0, Narrow klass range: 0x100000000

GC Precious Log:
 CardTable entry size: 512
 Card Set container configuration: InlinePtr #cards 4 size 8 Array Of Cards #cards 16 size 48 Howl #buckets 8 coarsen threshold 3686 Howl Bitmap #cards 512 size 80 coarsen threshold 460 Card regions per heap region 1 cards per card region 4096
 CPUs: 4 total, 4 available
 Memory: 16253M
 Large Page Support: Disabled
 NUMA Support: Disabled
 Compressed Oops: Enabled (Zero based)
 Heap Region Size: 2M
 Heap Min Capacity: 8M
 Heap Initial Capacity: 254M
 Heap Max Capacity: 4064M
 Pre-touch: Disabled
 Parallel Workers: 4
 Concurrent Workers: 1
 Concurrent Refinement Workers: 4
 Periodic GC: Disabled

Heap:
 garbage-first heap   total 40960K, used 14607K [0x0000000702000000, 0x0000000800000000)
  region size 2048K, 2 young (4096K), 2 survivors (4096K)
 Metaspace       used 31500K, committed 32064K, reserved 1114112K
  class space    used 3919K, committed 4160K, reserved 1048576K

Heap Regions: E=young(eden), S=young(survivor), O=old, HS=humongous(starts), HC=humongous(continues), CS=collection set, F=free, OA=open archive, CA=closed archive, TAMS=top-at-mark-start, PB=parsable bottom
|   0|0x0000000702000000, 0x00000007021ffff0, 0x0000000702200000| 99%| O|  |TAMS 0x0000000702000000| PB 0x0000000702000000| Untracked 
|   1|0x0000000702200000, 0x00000007023fffc8, 0x0000000702400000| 99%| O|  |TAMS 0x0000000702200000| PB 0x0000000702200000| Untracked 
|   2|0x0000000702400000, 0x0000000702600000, 0x0000000702600000|100%| O|  |TAMS 0x0000000702400000| PB 0x0000000702400000| Untracked 
|   3|0x0000000702600000, 0x00000007027fffc0, 0x0000000702800000| 99%| O|  |TAMS 0x0000000702600000| PB 0x0000000702600000| Untracked 
|   4|0x0000000702800000, 0x0000000702a00000, 0x0000000702a00000|100%| O|  |TAMS 0x0000000702800000| PB 0x0000000702800000| Untracked 
|   5|0x0000000702a00000, 0x0000000702b45558, 0x0000000702c00000| 63%| O|  |TAMS 0x0000000702a00000| PB 0x0000000702a00000| Untracked 
|   6|0x0000000702c00000, 0x0000000702ce6fa0, 0x0000000702e00000| 45%| O|  |TAMS 0x0000000702c00000| PB 0x0000000702c00000| Untracked 
|   7|0x0000000702e00000, 0x0000000702e00000, 0x0000000703000000|  0%| F|  |TAMS 0x0000000702e00000| PB 0x0000000702e00000| Untracked 
|   8|0x0000000703000000, 0x0000000703000000, 0x0000000703200000|  0%| F|  |TAMS 0x0000000703000000| PB 0x0000000703000000| Untracked 
|   9|0x0000000703200000, 0x0000000703217a10, 0x0000000703400000|  4%| S|CS|TAMS 0x0000000703200000| PB 0x0000000703200000| Complete 
|  10|0x0000000703400000, 0x0000000703600000, 0x0000000703600000|100%| S|CS|TAMS 0x0000000703400000| PB 0x0000000703400000| Complete 
|  11|0x0000000703600000, 0x0000000703600000, 0x0000000703800000|  0%| F|  |TAMS 0x0000000703600000| PB 0x0000000703600000| Untracked 
|  12|0x0000000703800000, 0x0000000703800000, 0x0000000703a00000|  0%| F|  |TAMS 0x0000000703800000| PB 0x0000000703800000| Untracked 
|  13|0x0000000703a00000, 0x0000000703a00000, 0x0000000703c00000|  0%| F|  |TAMS 0x0000000703a00000| PB 0x0000000703a00000| Untracked 
|  14|0x0000000703c00000, 0x0000000703c00000, 0x0000000703e00000|  0%| F|  |TAMS 0x0000000703c00000| PB 0x0000000703c00000| Untracked 
|  15|0x0000000703e00000, 0x0000000703e00000, 0x0000000704000000|  0%| F|  |TAMS 0x0000000703e00000| PB 0x0000000703e00000| Untracked 
| 108|0x000000070f800000, 0x000000070f800000, 0x000000070fa00000|  0%| F|  |TAMS 0x000000070f800000| PB 0x000000070f800000| Untracked 
| 109|0x000000070fa00000, 0x000000070fa00000, 0x000000070fc00000|  0%| F|  |TAMS 0x000000070fa00000| PB 0x000000070fa00000| Untracked 
| 110|0x000000070fc00000, 0x000000070fc00000, 0x000000070fe00000|  0%| F|  |TAMS 0x000000070fc00000| PB 0x000000070fc00000| Untracked 
| 126|0x0000000711c00000, 0x0000000711c00000, 0x0000000711e00000|  0%| F|  |TAMS 0x0000000711c00000| PB 0x0000000711c00000| Untracked 

Card table byte_map: [0x000002a5cb0d0000,0x000002a5cb8c0000] _byte_map_base: 0x000002a5c78c0000

Marking Bits: (CMBitMap*) 0x000002a5b1a849e0
 Bits: [0x000002a5cc0b0000, 0x000002a5d0030000)

Polling page: 0x000002a5b1ad0000

Metaspace:

Usage:
  Non-class:     26.93 MB used.
      Class:      3.83 MB used.
       Both:     30.76 MB used.

Virtual space:
  Non-class space:       64.00 MB reserved,      27.25 MB ( 43%) committed,  1 nodes.
      Class space:        1.00 GB reserved,       4.06 MB ( <1%) committed,  1 nodes.
             Both:        1.06 GB reserved,      31.31 MB (  3%) committed. 

Chunk freelists:
   Non-Class:  272.00 KB
       Class:  3.85 MB
        Both:  4.12 MB

MaxMetaspaceSize: unlimited
CompressedClassSpaceSize: 1.00 GB
Initial GC threshold: 21.00 MB
Current GC threshold: 52.12 MB
CDS: on
MetaspaceReclaimPolicy: balanced
 - commit_granule_bytes: 65536.
 - commit_granule_words: 8192.
 - virtual_space_node_default_size: 8388608.
 - enlarge_chunks_in_place: 1.
 - new_chunks_are_fully_committed: 0.
 - uncommit_free_chunks: 1.
 - use_allocation_guard: 0.


Internal statistics:

num_allocs_failed_limit: 3.
num_arena_births: 718.
num_arena_deaths: 0.
num_vsnodes_births: 2.
num_vsnodes_deaths: 0.
num_space_committed: 501.
num_space_uncommitted: 0.
num_chunks_returned_to_freelist: 3.
num_chunks_taken_from_freelist: 1908.
num_chunk_merges: 3.
num_chunk_splits: 1251.
num_chunks_enlarged: 862.
num_inconsistent_stats: 0.

CodeHeap 'non-profiled nmethods': size=120000Kb used=2848Kb max_used=2848Kb free=117151Kb
 bounds [0x000002a5c2d90000, 0x000002a5c3060000, 0x000002a5ca2c0000]
CodeHeap 'profiled nmethods': size=120000Kb used=8205Kb max_used=8971Kb free=111794Kb
 bounds [0x000002a5bb2c0000, 0x000002a5bbbb0000, 0x000002a5c27f0000]
CodeHeap 'non-nmethods': size=5760Kb used=1535Kb max_used=1628Kb free=4224Kb
 bounds [0x000002a5c27f0000, 0x000002a5c2a60000, 0x000002a5c2d90000]
 total_blobs=4347 nmethods=3794 adapters=463
 compilation: enabled
              stopped_count=0, restarted_count=0
 full_count=0

Compilation events (20 events):
Event: 1737.534 Thread 0x000002a5d2681690 nmethod 5744 0x000002a5bba87c10 code [0x000002a5bba87de0, 0x000002a5bba882f0]
Event: 1737.534 Thread 0x000002a5d2681690 5745       3       org.springframework.util.MimeType::lambda$new$0 (16 bytes)
Event: 1737.534 Thread 0x000002a5d2681690 nmethod 5745 0x000002a5bb55a910 code [0x000002a5bb55aac0, 0x000002a5bb55ad68]
Event: 1737.536 Thread 0x000002a5d2681690 5747       3       org.springframework.http.codec.support.BaseDefaultCodecs::applyDefaultConfig (43 bytes)
Event: 1737.537 Thread 0x000002a5d2681690 nmethod 5747 0x000002a5bb6bb590 code [0x000002a5bb6bb800, 0x000002a5bb6bc4e8]
Event: 1737.537 Thread 0x000002a5d2681690 5748       3       java.util.LinkedHashMap$LinkedEntrySet::spliterator (7 bytes)
Event: 1737.538 Thread 0x000002a5d2681690 nmethod 5748 0x000002a5bb580010 code [0x000002a5bb5801c0, 0x000002a5bb580440]
Event: 1737.538 Thread 0x000002a5d2681690 5749       3       java.util.LinkedHashMap$LinkedEntrySet::size (8 bytes)
Event: 1737.538 Thread 0x000002a5d2681690 nmethod 5749 0x000002a5bb6c7f90 code [0x000002a5bb6c8120, 0x000002a5bb6c8238]
Event: 1737.539 Thread 0x000002a618788290 5750       4       org.springframework.core.annotation.AnnotationsScanner::processMethodAnnotations (98 bytes)
Event: 1737.540 Thread 0x000002a5d267dae0 nmethod 5746 0x000002a5c3055590 code [0x000002a5c3055720, 0x000002a5c3055e88]
Event: 1737.540 Thread 0x000002a5d267dae0 5751       4       java.util.concurrent.ConcurrentHashMap::keySet (26 bytes)
Event: 1737.542 Thread 0x000002a5d267dae0 nmethod 5751 0x000002a5c3056210 code [0x000002a5c3056380, 0x000002a5c3056578]
Event: 1737.542 Thread 0x000002a5d267dae0 5752       4       java.lang.invoke.MethodHandle::maybeCustomize (38 bytes)
Event: 1737.543 Thread 0x000002a5d267dae0 nmethod 5752 0x000002a5c3056610 code [0x000002a5c3056780, 0x000002a5c3056868]
Event: 1737.544 Thread 0x000002a5d267dae0 5753       4       java.util.HashMap::keysToArray (81 bytes)
Event: 1737.547 Thread 0x000002a618788290 nmethod 5750 0x000002a5c3056990 code [0x000002a5c3056ba0, 0x000002a5c3057090]
Event: 1737.548 Thread 0x000002a618788290 5754   !   4       org.springframework.core.env.PropertiesPropertySource::getPropertyNames (22 bytes)
Event: 1737.566 Thread 0x000002a5d267dae0 nmethod 5753 0x000002a5c3057690 code [0x000002a5c3057820, 0x000002a5c3057e38]
Event: 1737.566 Thread 0x000002a5d267dae0 5755   !   4       org.springframework.beans.factory.support.AbstractBeanFactory::doGetBean (740 bytes)

GC Heap History (20 events):
Event: 1107.438 GC heap after
{Heap after GC invocations=11 (full 2):
 garbage-first heap   total 40960K, used 14347K [0x0000000702000000, 0x0000000800000000)
  region size 2048K, 1 young (2048K), 1 survivors (2048K)
 Metaspace       used 30776K, committed 31360K, reserved 1114112K
  class space    used 3910K, committed 4160K, reserved 1048576K
}
Event: 1109.912 GC heap before
{Heap before GC invocations=11 (full 2):
 garbage-first heap   total 40960K, used 14347K [0x0000000702000000, 0x0000000800000000)
  region size 2048K, 2 young (4096K), 1 survivors (2048K)
 Metaspace       used 30804K, committed 31424K, reserved 1114112K
  class space    used 3910K, committed 4160K, reserved 1048576K
}
Event: 1109.945 GC heap after
{Heap after GC invocations=12 (full 3):
 garbage-first heap   total 40960K, used 12333K [0x0000000702000000, 0x0000000800000000)
  region size 2048K, 0 young (0K), 0 survivors (0K)
 Metaspace       used 30804K, committed 31424K, reserved 1114112K
  class space    used 3910K, committed 4160K, reserved 1048576K
}
Event: 1110.324 GC heap before
{Heap before GC invocations=12 (full 3):
 garbage-first heap   total 40960K, used 30765K [0x0000000702000000, 0x0000000800000000)
  region size 2048K, 9 young (18432K), 0 survivors (0K)
 Metaspace       used 30976K, committed 31552K, reserved 1114112K
  class space    used 3912K, committed 4160K, reserved 1048576K
}
Event: 1110.326 GC heap after
{Heap after GC invocations=13 (full 3):
 garbage-first heap   total 40960K, used 14381K [0x0000000702000000, 0x0000000800000000)
  region size 2048K, 1 young (2048K), 1 survivors (2048K)
 Metaspace       used 30976K, committed 31552K, reserved 1114112K
  class space    used 3912K, committed 4160K, reserved 1048576K
}
Event: 1351.192 GC heap before
{Heap before GC invocations=13 (full 3):
 garbage-first heap   total 40960K, used 18477K [0x0000000702000000, 0x0000000800000000)
  region size 2048K, 4 young (8192K), 1 survivors (2048K)
 Metaspace       used 31023K, committed 31552K, reserved 1114112K
  class space    used 3912K, committed 4160K, reserved 1048576K
}
Event: 1351.227 GC heap after
{Heap after GC invocations=14 (full 4):
 garbage-first heap   total 40960K, used 12367K [0x0000000702000000, 0x0000000800000000)
  region size 2048K, 0 young (0K), 0 survivors (0K)
 Metaspace       used 31023K, committed 31552K, reserved 1114112K
  class space    used 3912K, committed 4160K, reserved 1048576K
}
Event: 1351.836 GC heap before
{Heap before GC invocations=14 (full 4):
 garbage-first heap   total 40960K, used 30799K [0x0000000702000000, 0x0000000800000000)
  region size 2048K, 9 young (18432K), 0 survivors (0K)
 Metaspace       used 31175K, committed 31744K, reserved 1114112K
  class space    used 3914K, committed 4160K, reserved 1048576K
}
Event: 1351.840 GC heap after
{Heap after GC invocations=15 (full 4):
 garbage-first heap   total 40960K, used 14415K [0x0000000702000000, 0x0000000800000000)
  region size 2048K, 1 young (2048K), 1 survivors (2048K)
 Metaspace       used 31175K, committed 31744K, reserved 1114112K
  class space    used 3914K, committed 4160K, reserved 1048576K
}
Event: 1355.630 GC heap before
{Heap before GC invocations=15 (full 4):
 garbage-first heap   total 40960K, used 16463K [0x0000000702000000, 0x0000000800000000)
  region size 2048K, 3 young (6144K), 1 survivors (2048K)
 Metaspace       used 31206K, committed 31808K, reserved 1114112K
  class space    used 3914K, committed 4160K, reserved 1048576K
}
Event: 1355.663 GC heap after
{Heap after GC invocations=16 (full 5):
 garbage-first heap   total 40960K, used 12405K [0x0000000702000000, 0x0000000800000000)
  region size 2048K, 0 young (0K), 0 survivors (0K)
 Metaspace       used 31206K, committed 31808K, reserved 1114112K
  class space    used 3914K, committed 4160K, reserved 1048576K
}
Event: 1356.460 GC heap before
{Heap before GC invocations=16 (full 5):
 garbage-first heap   total 40960K, used 30837K [0x0000000702000000, 0x0000000800000000)
  region size 2048K, 9 young (18432K), 0 survivors (0K)
 Metaspace       used 31323K, committed 31872K, reserved 1114112K
  class space    used 3916K, committed 4160K, reserved 1048576K
}
Event: 1356.463 GC heap after
{Heap after GC invocations=17 (full 5):
 garbage-first heap   total 40960K, used 14453K [0x0000000702000000, 0x0000000800000000)
  region size 2048K, 1 young (2048K), 1 survivors (2048K)
 Metaspace       used 31323K, committed 31872K, reserved 1114112K
  class space    used 3916K, committed 4160K, reserved 1048576K
}
Event: 1733.505 GC heap before
{Heap before GC invocations=17 (full 5):
 garbage-first heap   total 40960K, used 18549K [0x0000000702000000, 0x0000000800000000)
  region size 2048K, 4 young (8192K), 1 survivors (2048K)
 Metaspace       used 31343K, committed 31872K, reserved 1114112K
  class space    used 3916K, committed 4160K, reserved 1048576K
}
Event: 1733.538 GC heap after
{Heap after GC invocations=18 (full 6):
 garbage-first heap   total 40960K, used 12439K [0x0000000702000000, 0x0000000800000000)
  region size 2048K, 0 young (0K), 0 survivors (0K)
 Metaspace       used 31343K, committed 31872K, reserved 1114112K
  class space    used 3916K, committed 4160K, reserved 1048576K
}
Event: 1733.867 GC heap before
{Heap before GC invocations=18 (full 6):
 garbage-first heap   total 40960K, used 30871K [0x0000000702000000, 0x0000000800000000)
  region size 2048K, 9 young (18432K), 0 survivors (0K)
 Metaspace       used 31410K, committed 32000K, reserved 1114112K
  class space    used 3917K, committed 4160K, reserved 1048576K
}
Event: 1733.870 GC heap after
{Heap after GC invocations=19 (full 6):
 garbage-first heap   total 40960K, used 14427K [0x0000000702000000, 0x0000000800000000)
  region size 2048K, 1 young (2048K), 1 survivors (2048K)
 Metaspace       used 31410K, committed 32000K, reserved 1114112K
  class space    used 3917K, committed 4160K, reserved 1048576K
}
Event: 1736.733 GC heap before
{Heap before GC invocations=19 (full 6):
 garbage-first heap   total 40960K, used 14427K [0x0000000702000000, 0x0000000800000000)
  region size 2048K, 2 young (4096K), 1 survivors (2048K)
 Metaspace       used 31433K, committed 32000K, reserved 1114112K
  class space    used 3917K, committed 4160K, reserved 1048576K
}
Event: 1736.766 GC heap after
{Heap after GC invocations=20 (full 7):
 garbage-first heap   total 40960K, used 12465K [0x0000000702000000, 0x0000000800000000)
  region size 2048K, 0 young (0K), 0 survivors (0K)
 Metaspace       used 31433K, committed 32000K, reserved 1114112K
  class space    used 3917K, committed 4160K, reserved 1048576K
}
Event: 1737.567 GC heap before
{Heap before GC invocations=20 (full 7):
 garbage-first heap   total 40960K, used 30897K [0x0000000702000000, 0x0000000800000000)
  region size 2048K, 9 young (18432K), 0 survivors (0K)
 Metaspace       used 31500K, committed 32064K, reserved 1114112K
  class space    used 3919K, committed 4160K, reserved 1048576K
}

Dll operation events (13 events):
Event: 0.089 Loaded shared library C:\Program Files\Java\jdk-20\bin\java.dll
Event: 0.120 Loaded shared library C:\Program Files\Java\jdk-20\bin\jsvml.dll
Event: 0.281 Loaded shared library C:\Program Files\Java\jdk-20\bin\zip.dll
Event: 0.287 Loaded shared library C:\Program Files\Java\jdk-20\bin\instrument.dll
Event: 0.294 Loaded shared library C:\Program Files\Java\jdk-20\bin\net.dll
Event: 0.297 Loaded shared library C:\Program Files\Java\jdk-20\bin\nio.dll
Event: 0.301 Loaded shared library C:\Program Files\Java\jdk-20\bin\zip.dll
Event: 0.443 Loaded shared library C:\Users\3124\AppData\Local\JetBrains\IntelliJ IDEA Community Edition 2023.3.2\bin\breakgen64.dll
Event: 0.455 Loaded shared library C:\Program Files\Java\jdk-20\bin\extnet.dll
Event: 0.506 Loaded shared library C:\Program Files\Java\jdk-20\bin\jimage.dll
Event: 0.975 Loaded shared library C:\Program Files\Java\jdk-20\bin\management.dll
Event: 0.979 Loaded shared library C:\Program Files\Java\jdk-20\bin\management_ext.dll
Event: 4.610 Loaded shared library C:\Program Files\Java\jdk-20\bin\sunmscapi.dll

Deoptimization events (20 events):
Event: 1737.540 Thread 0x000002a6193b9c10 Uncommon trap: trap_request=0xffffffd6 fr.pc=0x000002a5c3054528 relative=0x0000000000000688
Event: 1737.540 Thread 0x000002a6193b9c10 Uncommon trap: reason=array_check action=maybe_recompile pc=0x000002a5c3054528 method=java.util.HashMap.keysToArray([Ljava/lang/Object;)[Ljava/lang/Object; @ 62 c2
Event: 1737.540 Thread 0x000002a6193b9c10 DEOPT PACKING pc=0x000002a5c3054528 sp=0x000000ee965fca20
Event: 1737.540 Thread 0x000002a6193b9c10 DEOPT UNPACKING pc=0x000002a5c2859d22 sp=0x000000ee965fc9c8 mode 2
Event: 1737.540 Thread 0x000002a6193b9c10 Uncommon trap: trap_request=0xffffffd6 fr.pc=0x000002a5c3054528 relative=0x0000000000000688
Event: 1737.540 Thread 0x000002a6193b9c10 Uncommon trap: reason=array_check action=maybe_recompile pc=0x000002a5c3054528 method=java.util.HashMap.keysToArray([Ljava/lang/Object;)[Ljava/lang/Object; @ 62 c2
Event: 1737.540 Thread 0x000002a6193b9c10 DEOPT PACKING pc=0x000002a5c3054528 sp=0x000000ee965fc460
Event: 1737.540 Thread 0x000002a6193b9c10 DEOPT UNPACKING pc=0x000002a5c2859d22 sp=0x000000ee965fc408 mode 2
Event: 1737.540 Thread 0x000002a6193b9c10 Uncommon trap: trap_request=0xffffffd6 fr.pc=0x000002a5c3054528 relative=0x0000000000000688
Event: 1737.540 Thread 0x000002a6193b9c10 Uncommon trap: reason=array_check action=maybe_recompile pc=0x000002a5c3054528 method=java.util.HashMap.keysToArray([Ljava/lang/Object;)[Ljava/lang/Object; @ 62 c2
Event: 1737.540 Thread 0x000002a6193b9c10 DEOPT PACKING pc=0x000002a5c3054528 sp=0x000000ee965fc030
Event: 1737.540 Thread 0x000002a6193b9c10 DEOPT UNPACKING pc=0x000002a5c2859d22 sp=0x000000ee965fbfd8 mode 2
Event: 1737.540 Thread 0x000002a6193b9c10 Uncommon trap: trap_request=0xffffffd6 fr.pc=0x000002a5c3054528 relative=0x0000000000000688
Event: 1737.540 Thread 0x000002a6193b9c10 Uncommon trap: reason=array_check action=maybe_recompile pc=0x000002a5c3054528 method=java.util.HashMap.keysToArray([Ljava/lang/Object;)[Ljava/lang/Object; @ 62 c2
Event: 1737.540 Thread 0x000002a6193b9c10 DEOPT PACKING pc=0x000002a5c3054528 sp=0x000000ee965fc0d0
Event: 1737.540 Thread 0x000002a6193b9c10 DEOPT UNPACKING pc=0x000002a5c2859d22 sp=0x000000ee965fc078 mode 2
Event: 1737.545 Thread 0x000002a6193b9c10 Uncommon trap: trap_request=0xffffffbe fr.pc=0x000002a5c3040f28 relative=0x0000000000000508
Event: 1737.545 Thread 0x000002a6193b9c10 Uncommon trap: reason=profile_predicate action=maybe_recompile pc=0x000002a5c3040f28 method=java.util.HashMap.keysToArray([Ljava/lang/Object;)[Ljava/lang/Object; @ 46 c2
Event: 1737.545 Thread 0x000002a6193b9c10 DEOPT PACKING pc=0x000002a5c3040f28 sp=0x000000ee965fc560
Event: 1737.545 Thread 0x000002a6193b9c10 DEOPT UNPACKING pc=0x000002a5c2859d22 sp=0x000000ee965fc510 mode 2

Classes loaded (20 events):
Event: 567.983 Loading class sun/nio/ch/SocketOptionRegistry$LazyInitialization
Event: 567.984 Loading class sun/nio/ch/SocketOptionRegistry$LazyInitialization done
Event: 567.984 Loading class sun/nio/ch/OptionKey
Event: 567.984 Loading class sun/nio/ch/OptionKey done
Event: 567.984 Loading class sun/nio/ch/ExtendedSocketOption
Event: 567.985 Loading class sun/nio/ch/ExtendedSocketOption done
Event: 567.985 Loading class sun/nio/ch/ExtendedSocketOption$1
Event: 567.985 Loading class sun/nio/ch/ExtendedSocketOption$1 done
Event: 996.153 Loading class java/util/concurrent/ConcurrentHashMap$EntrySpliterator
Event: 996.153 Loading class java/util/concurrent/ConcurrentHashMap$EntrySpliterator done
Event: 996.216 Loading class java/lang/ref/Finalizer$2
Event: 996.217 Loading class java/lang/ref/Finalizer$2 done
Event: 996.217 Loading class java/lang/ref/Finalizer$1
Event: 996.217 Loading class java/lang/ref/Finalizer$1 done
Event: 996.601 Loading class java/util/WeakHashMap$EntrySet
Event: 996.601 Loading class java/util/WeakHashMap$EntrySet done
Event: 996.601 Loading class java/util/WeakHashMap$EntryIterator
Event: 996.602 Loading class java/util/WeakHashMap$HashIterator
Event: 996.602 Loading class java/util/WeakHashMap$HashIterator done
Event: 996.602 Loading class java/util/WeakHashMap$EntryIterator done

Classes unloaded (0 events):
No events

Classes redefined (0 events):
No events

Internal exceptions (20 events):
Event: 1736.850 Thread 0x000002a6193b9c10 Exception <a 'java/io/IOException'{0x000000070fc21a98}> (0x000000070fc21a98) 
thrown [s\open\src\hotspot\share\prims\jni.cpp, line 519]
Event: 1736.850 Thread 0x000002a6193b9c10 Exception <a 'java/io/IOException'{0x000000070fc21de8}> (0x000000070fc21de8) 
thrown [s\open\src\hotspot\share\prims\jni.cpp, line 519]
Event: 1736.850 Thread 0x000002a6193b9c10 Exception <a 'java/io/IOException'{0x000000070fc22100}> (0x000000070fc22100) 
thrown [s\open\src\hotspot\share\prims\jni.cpp, line 519]
Event: 1736.850 Thread 0x000002a6193b9c10 Exception <a 'java/io/IOException'{0x000000070fc22450}> (0x000000070fc22450) 
thrown [s\open\src\hotspot\share\prims\jni.cpp, line 519]
Event: 1736.850 Thread 0x000002a6193b9c10 Exception <a 'java/io/IOException'{0x000000070fc22768}> (0x000000070fc22768) 
thrown [s\open\src\hotspot\share\prims\jni.cpp, line 519]
Event: 1736.851 Thread 0x000002a6193b9c10 Exception <a 'java/io/IOException'{0x000000070fc22ab8}> (0x000000070fc22ab8) 
thrown [s\open\src\hotspot\share\prims\jni.cpp, line 519]
Event: 1736.851 Thread 0x000002a6193b9c10 Exception <a 'java/io/IOException'{0x000000070fc22dd0}> (0x000000070fc22dd0) 
thrown [s\open\src\hotspot\share\prims\jni.cpp, line 519]
Event: 1736.851 Thread 0x000002a6193b9c10 Exception <a 'java/io/IOException'{0x000000070fc23120}> (0x000000070fc23120) 
thrown [s\open\src\hotspot\share\prims\jni.cpp, line 519]
Event: 1736.851 Thread 0x000002a6193b9c10 Exception <a 'java/io/IOException'{0x000000070fc23438}> (0x000000070fc23438) 
thrown [s\open\src\hotspot\share\prims\jni.cpp, line 519]
Event: 1736.851 Thread 0x000002a6193b9c10 Exception <a 'java/io/IOException'{0x000000070fc23978}> (0x000000070fc23978) 
thrown [s\open\src\hotspot\share\prims\jni.cpp, line 519]
Event: 1736.851 Thread 0x000002a6193b9c10 Exception <a 'java/io/IOException'{0x000000070fc23c90}> (0x000000070fc23c90) 
thrown [s\open\src\hotspot\share\prims\jni.cpp, line 519]
Event: 1736.851 Thread 0x000002a6193b9c10 Exception <a 'java/io/IOException'{0x000000070fc23fe0}> (0x000000070fc23fe0) 
thrown [s\open\src\hotspot\share\prims\jni.cpp, line 519]
Event: 1736.851 Thread 0x000002a6193b9c10 Exception <a 'java/io/IOException'{0x000000070fc242f8}> (0x000000070fc242f8) 
thrown [s\open\src\hotspot\share\prims\jni.cpp, line 519]
Event: 1736.853 Thread 0x000002a6193b9c10 Exception <a 'java/io/IOException'{0x000000070fc33db0}> (0x000000070fc33db0) 
thrown [s\open\src\hotspot\share\prims\jni.cpp, line 519]
Event: 1736.853 Thread 0x000002a6193b9c10 Exception <a 'java/io/IOException'{0x000000070fc340c8}> (0x000000070fc340c8) 
thrown [s\open\src\hotspot\share\prims\jni.cpp, line 519]
Event: 1736.853 Thread 0x000002a6193b9c10 Exception <a 'java/io/IOException'{0x000000070fc355f0}> (0x000000070fc355f0) 
thrown [s\open\src\hotspot\share\prims\jni.cpp, line 519]
Event: 1736.853 Thread 0x000002a6193b9c10 Exception <a 'java/io/IOException'{0x000000070fc35908}> (0x000000070fc35908) 
thrown [s\open\src\hotspot\share\prims\jni.cpp, line 519]
Event: 1736.899 Thread 0x000002a6193b9c10 Exception <a 'java/lang/NoClassDefFoundError'{0x000000070fda3408}: jakarta/servlet/Filter> (0x000000070fda3408) 
thrown [s\open\src\hotspot\share\classfile\systemDictionary.cpp, line 294]
Event: 1737.318 Thread 0x000002a6193b9c10 Exception <a 'java/lang/NoClassDefFoundError'{0x0000000703aa3608}: org/flywaydb/core/Flyway> (0x0000000703aa3608) 
thrown [s\open\src\hotspot\share\oops\constantPool.cpp, line 848]
Event: 1737.318 Thread 0x000002a6193b9c10 Exception <a 'java/lang/NoClassDefFoundError'{0x0000000703aa3c68}: liquibase/integration/spring/SpringLiquibase> (0x0000000703aa3c68) 
thrown [s\open\src\hotspot\share\oops\constantPool.cpp, line 848]

VM Operations (20 events):
Event: 1356.463 Executing VM operation: G1CollectForAllocation done
Event: 1357.475 Executing VM operation: Cleanup
Event: 1357.475 Executing VM operation: Cleanup done
Event: 1361.495 Executing VM operation: Cleanup
Event: 1361.495 Executing VM operation: Cleanup done
Event: 1383.657 Executing VM operation: Cleanup
Event: 1383.657 Executing VM operation: Cleanup done
Event: 1383.688 Executing VM operation: HandshakeAllThreads
Event: 1383.688 Executing VM operation: HandshakeAllThreads done
Event: 1631.274 Executing VM operation: Cleanup
Event: 1631.274 Executing VM operation: Cleanup done
Event: 1733.505 Executing VM operation: G1CollectFull
Event: 1733.538 Executing VM operation: G1CollectFull done
Event: 1733.867 Executing VM operation: G1CollectForAllocation
Event: 1733.870 Executing VM operation: G1CollectForAllocation done
Event: 1734.881 Executing VM operation: Cleanup
Event: 1734.881 Executing VM operation: Cleanup done
Event: 1736.733 Executing VM operation: G1CollectFull
Event: 1736.766 Executing VM operation: G1CollectFull done
Event: 1737.567 Executing VM operation: G1CollectForAllocation

Events (20 events):
Event: 1736.752 Thread 0x000002a5d2659cd0 flushing nmethod 0x000002a5bb42c890
Event: 1736.752 Thread 0x000002a5d2659cd0 flushing nmethod 0x000002a5bb3f1110
Event: 1736.752 Thread 0x000002a5d2659cd0 flushing nmethod 0x000002a5bb3d1290
Event: 1736.752 Thread 0x000002a5d2659cd0 flushing nmethod 0x000002a5bb3ba390
Event: 1736.752 Thread 0x000002a5d2659cd0 flushing nmethod 0x000002a5bb3b8690
Event: 1736.752 Thread 0x000002a5d2659cd0 flushing nmethod 0x000002a5bb389990
Event: 1736.752 Thread 0x000002a5d2659cd0 flushing nmethod 0x000002a5bb2e3b90
Event: 1736.752 Thread 0x000002a5d2659cd0 flushing nmethod 0x000002a5c2fea890
Event: 1736.752 Thread 0x000002a5d2659cd0 flushing nmethod 0x000002a5c2fe8190
Event: 1736.752 Thread 0x000002a5d2659cd0 flushing nmethod 0x000002a5c2f48490
Event: 1736.752 Thread 0x000002a5d2659cd0 flushing nmethod 0x000002a5c2e61190
Event: 1736.752 Thread 0x000002a5d2659cd0 flushing nmethod 0x000002a5c2e52290
Event: 1736.752 Thread 0x000002a5d2659cd0 flushing nmethod 0x000002a5c2e51410
Event: 1736.752 Thread 0x000002a5d2659cd0 flushing nmethod 0x000002a5c2e13f90
Event: 1736.767 Thread 0x000002a6193c0650 Thread added: 0x000002a6193c0650
Event: 1736.767 Thread 0x000002a6193c0650 Thread exited: 0x000002a6193c0650
Event: 1736.767 Thread 0x000002a6193b9c10 Thread added: 0x000002a6193b9c10
Event: 1736.856 Thread 0x000002a618788290 Thread added: 0x000002a618788290
Event: 1736.877 Thread 0x000002a6193be670 Thread added: 0x000002a6193be670
Event: 1736.963 Thread 0x000002a6193be670 Thread exited: 0x000002a6193be670


Dynamic libraries:
0x00007ff6e5790000 - 0x00007ff6e57a0000 	C:\Program Files\Java\jdk-20\bin\java.exe
0x00007ffe310f0000 - 0x00007ffe31307000 	C:\WINDOWS\SYSTEM32\ntdll.dll
0x00007ffe2fc70000 - 0x00007ffe2fd34000 	C:\WINDOWS\System32\KERNEL32.DLL
0x00007ffe2e460000 - 0x00007ffe2e806000 	C:\WINDOWS\System32\KERNELBASE.dll
0x00007ffe2e880000 - 0x00007ffe2e991000 	C:\WINDOWS\System32\ucrtbase.dll
0x00007ffe19cd0000 - 0x00007ffe19ce9000 	C:\Program Files\Java\jdk-20\bin\jli.dll
0x00007ffe30ff0000 - 0x00007ffe310a1000 	C:\WINDOWS\System32\ADVAPI32.dll
0x00007ffe30d40000 - 0x00007ffe30de7000 	C:\WINDOWS\System32\msvcrt.dll
0x00007ffe30df0000 - 0x00007ffe30e95000 	C:\WINDOWS\System32\sechost.dll
0x00007ffe2f540000 - 0x00007ffe2f657000 	C:\WINDOWS\System32\RPCRT4.dll
0x00007ffe19440000 - 0x00007ffe1945b000 	C:\Program Files\Java\jdk-20\bin\VCRUNTIME140.dll
0x00007ffe2fd50000 - 0x00007ffe2fefe000 	C:\WINDOWS\System32\USER32.dll
0x00007ffe2e9a0000 - 0x00007ffe2e9c6000 	C:\WINDOWS\System32\win32u.dll
0x00007ffe2fc20000 - 0x00007ffe2fc49000 	C:\WINDOWS\System32\GDI32.dll
0x00007ffe2ebe0000 - 0x00007ffe2ecf8000 	C:\WINDOWS\System32\gdi32full.dll
0x00007ffe2eb40000 - 0x00007ffe2ebda000 	C:\WINDOWS\System32\msvcp_win.dll
0x00007ffe17290000 - 0x00007ffe17523000 	C:\WINDOWS\WinSxS\amd64_microsoft.windows.common-controls_6595b64144ccf1df_6.0.22621.2506_none_270c5ae97388e100\COMCTL32.dll
0x00007ffe20960000 - 0x00007ffe2096a000 	C:\WINDOWS\SYSTEM32\VERSION.dll
0x00007ffe2f710000 - 0x00007ffe2f741000 	C:\WINDOWS\System32\IMM32.DLL
0x00007ffe1b6e0000 - 0x00007ffe1b6ec000 	C:\Program Files\Java\jdk-20\bin\vcruntime140_1.dll
0x00007ffe08b00000 - 0x00007ffe08b8e000 	C:\Program Files\Java\jdk-20\bin\msvcp140.dll
0x00007ffde69b0000 - 0x00007ffde7648000 	C:\Program Files\Java\jdk-20\bin\server\jvm.dll
0x00007ffe07f80000 - 0x00007ffe07f89000 	C:\WINDOWS\SYSTEM32\WSOCK32.dll
0x00007ffe2f220000 - 0x00007ffe2f291000 	C:\WINDOWS\System32\WS2_32.dll
0x00007ffe10270000 - 0x00007ffe102a4000 	C:\WINDOWS\SYSTEM32\WINMM.dll
0x00007ffe2d460000 - 0x00007ffe2d478000 	C:\WINDOWS\SYSTEM32\kernel.appcore.dll
0x00007ffe1b040000 - 0x00007ffe1b04a000 	C:\Program Files\Java\jdk-20\bin\jimage.dll
0x00007ffe238c0000 - 0x00007ffe23af3000 	C:\WINDOWS\SYSTEM32\DBGHELP.DLL
0x00007ffe308b0000 - 0x00007ffe30c39000 	C:\WINDOWS\System32\combase.dll
0x00007ffe2f400000 - 0x00007ffe2f4d7000 	C:\WINDOWS\System32\OLEAUT32.dll
0x00007ffe17250000 - 0x00007ffe17282000 	C:\WINDOWS\SYSTEM32\dbgcore.DLL
0x00007ffe2ed00000 - 0x00007ffe2ed7a000 	C:\WINDOWS\System32\bcryptPrimitives.dll
0x00007ffe1ba90000 - 0x00007ffe1ba9e000 	C:\Program Files\Java\jdk-20\bin\instrument.dll
0x00007ffe16710000 - 0x00007ffe16736000 	C:\Program Files\Java\jdk-20\bin\java.dll
0x00007ffdf5b40000 - 0x00007ffdf5c17000 	C:\Program Files\Java\jdk-20\bin\jsvml.dll
0x00007ffe2ff20000 - 0x00007ffe3077a000 	C:\WINDOWS\System32\SHELL32.dll
0x00007ffe2c2d0000 - 0x00007ffe2cbc6000 	C:\WINDOWS\SYSTEM32\windows.storage.dll
0x00007ffe2c190000 - 0x00007ffe2c2ce000 	C:\WINDOWS\SYSTEM32\wintypes.dll
0x00007ffe30c40000 - 0x00007ffe30d33000 	C:\WINDOWS\System32\SHCORE.dll
0x00007ffe2f330000 - 0x00007ffe2f38e000 	C:\WINDOWS\System32\shlwapi.dll
0x00007ffe2e390000 - 0x00007ffe2e3b6000 	C:\WINDOWS\SYSTEM32\profapi.dll
0x00007ffe15ba0000 - 0x00007ffe15bb8000 	C:\Program Files\Java\jdk-20\bin\zip.dll
0x00007ffe166f0000 - 0x00007ffe16703000 	C:\Program Files\Java\jdk-20\bin\net.dll
0x00007ffe281c0000 - 0x00007ffe282f7000 	C:\WINDOWS\SYSTEM32\WINHTTP.dll
0x00007ffe2d8e0000 - 0x00007ffe2d949000 	C:\WINDOWS\system32\mswsock.dll
0x00007ffe15bc0000 - 0x00007ffe15bd6000 	C:\Program Files\Java\jdk-20\bin\nio.dll
0x00007ffe169c0000 - 0x00007ffe169da000 	C:\Users\3124\AppData\Local\JetBrains\IntelliJ IDEA Community Edition 2023.3.2\bin\breakgen64.dll
0x00007ffe19430000 - 0x00007ffe19437000 	C:\Program Files\Java\jdk-20\bin\extnet.dll
0x00007ffe1ba80000 - 0x00007ffe1ba8a000 	C:\Program Files\Java\jdk-20\bin\management.dll
0x00007ffe1b940000 - 0x00007ffe1b94b000 	C:\Program Files\Java\jdk-20\bin\management_ext.dll
0x00007ffe307a0000 - 0x00007ffe307a8000 	C:\WINDOWS\System32\PSAPI.DLL
0x00007ffe19cf0000 - 0x00007ffe19cfe000 	C:\Program Files\Java\jdk-20\bin\sunmscapi.dll
0x00007ffe2e9d0000 - 0x00007ffe2eb36000 	C:\WINDOWS\System32\CRYPT32.dll
0x00007ffe2dc90000 - 0x00007ffe2dcbd000 	C:\WINDOWS\SYSTEM32\ncrypt.dll
0x00007ffe2dc50000 - 0x00007ffe2dc87000 	C:\WINDOWS\SYSTEM32\NTASN1.dll
0x00007ffe20740000 - 0x00007ffe20748000 	C:\WINDOWS\system32\wshunix.dll
0x00007ffe2db40000 - 0x00007ffe2db5b000 	C:\WINDOWS\SYSTEM32\CRYPTSP.dll
0x00007ffe2d3c0000 - 0x00007ffe2d3f5000 	C:\WINDOWS\system32\rsaenh.dll
0x00007ffe2d9d0000 - 0x00007ffe2d9fc000 	C:\WINDOWS\SYSTEM32\USERENV.dll
0x00007ffe2dcc0000 - 0x00007ffe2dce8000 	C:\WINDOWS\SYSTEM32\bcrypt.dll
0x00007ffe2db30000 - 0x00007ffe2db3c000 	C:\WINDOWS\SYSTEM32\CRYPTBASE.dll
0x00007ffe2ccf0000 - 0x00007ffe2cd1d000 	C:\WINDOWS\SYSTEM32\IPHLPAPI.DLL
0x00007ffe2fd40000 - 0x00007ffe2fd49000 	C:\WINDOWS\System32\NSI.dll
0x00007ffe28580000 - 0x00007ffe28599000 	C:\WINDOWS\SYSTEM32\dhcpcsvc6.DLL
0x00007ffe28560000 - 0x00007ffe2857f000 	C:\WINDOWS\SYSTEM32\dhcpcsvc.DLL
0x00007ffe2cd20000 - 0x00007ffe2ce19000 	C:\WINDOWS\SYSTEM32\DNSAPI.dll

dbghelp: loaded successfully - version: 4.0.5 - missing functions: none
symbol engine: initialized successfully - sym options: 0x614 - pdb path: .;C:\Program Files\Java\jdk-20\bin;C:\WINDOWS\SYSTEM32;C:\WINDOWS\WinSxS\amd64_microsoft.windows.common-controls_6595b64144ccf1df_6.0.22621.2506_none_270c5ae97388e100;C:\Program Files\Java\jdk-20\bin\server;C:\Users\3124\AppData\Local\JetBrains\IntelliJ IDEA Community Edition 2023.3.2\bin

VM Arguments:
jvm_args: -javaagent:C:\Users\3124\AppData\Local\JetBrains\IntelliJ IDEA Community Edition 2023.3.2\lib\idea_rt.jar=61890:C:\Users\3124\AppData\Local\JetBrains\IntelliJ IDEA Community Edition 2023.3.2\bin -Dfile.encoding=UTF-8 -Dsun.stdout.encoding=UTF-8 -Dsun.stderr.encoding=UTF-8 
java_command: com.example.reactiveprogramming.LearnReactiveProgrammingApplication
java_class_path (initial): C:\Users\3124\Music\Spring Reactive\learn-reactive-programming\learn-reactive-programming\target\classes;C:\Users\3124\.m2\repository\org\springframework\boot\spring-boot-starter-webflux\3.2.1\spring-boot-starter-webflux-3.2.1.jar;C:\Users\3124\.m2\repository\org\springframework\boot\spring-boot-starter\3.2.1\spring-boot-starter-3.2.1.jar;C:\Users\3124\.m2\repository\org\springframework\boot\spring-boot-starter-logging\3.2.1\spring-boot-starter-logging-3.2.1.jar;C:\Users\3124\.m2\repository\ch\qos\logback\logback-classic\1.4.14\logback-classic-1.4.14.jar;C:\Users\3124\.m2\repository\ch\qos\logback\logback-core\1.4.14\logback-core-1.4.14.jar;C:\Users\3124\.m2\repository\org\apache\logging\log4j\log4j-to-slf4j\2.21.1\log4j-to-slf4j-2.21.1.jar;C:\Users\3124\.m2\repository\org\apache\logging\log4j\log4j-api\2.21.1\log4j-api-2.21.1.jar;C:\Users\3124\.m2\repository\org\slf4j\jul-to-slf4j\2.0.9\jul-to-slf4j-2.0.9.jar;C:\Users\3124\.m2\repository\jakarta\annotation\jakarta.annotation-api\2.1.1\jakarta.annotation-api-2.1.1.jar;C:\Users\3124\.m2\repository\org\yaml\snakeyaml\2.2\snakeyaml-2.2.jar;C:\Users\3124\.m2\repository\org\springframework\boot\spring-boot-starter-json\3.2.1\spring-boot-starter-json-3.2.1.jar;C:\Users\3124\.m2\repository\com\fasterxml\jackson\core\jackson-databind\2.15.3\jackson-databind-2.15.3.jar;C:\Users\3124\.m2\repository\com\fasterxml\jackson\core\jackson-annotations\2.15.3\jackson-annotations-2.15.3.jar;C:\Users\3124\.m2\repository\com\fasterxml\jackson\core\jackson-core\2.15.3\jackson-core-2.15.3.jar;C:\Users\3124\.m2\repository\com\fasterxml\jackson\datatype\jackson-datatype-jdk8\2.15.3\jackson-datatype-jdk8-2.15.3.jar;C:\Users\3124\.m2\repository\com\fasterxml\jackson\datatype\jackson-datatype-jsr310\2.15.3\jackson-datatype-jsr310-2.15.3.jar;C:\Users\3124\.m2\repository\com\fasterxml\jackson\module\jackson-module-parameter-names\2.15.3\jackson-module-parameter-names-2.15.3.jar;C:\Users\3124\.m2\repository\org\springframework\boot\spring-boot-starter-reactor-netty\3.2.1\spring-boot-starter-reactor-netty-3.2.1.jar;C:\Users\3124\.m2\repository\io\projectreactor\netty\reactor-netty-http\1.1.14\reactor-netty-http-1.1.14.jar;C:\Users\3124\.m2\repository\io\netty\netty-codec-http\4.1.104.Final\netty-codec-http-4.1.104.Final.jar;C:\Users\3124\.m2\repository\io\netty\netty-common\4.1.104.Final\netty-common-4.1.104.Final.jar;C:\Users\3124\.m2\repository\io\netty\netty-buffer\4.1.104.Final\netty-buffer-4.1.104.Final.jar;C:\Users\3124\.m2\repository\io\netty\netty-transport\4.1.104.Final\netty-transport-4.1.104.Final.jar;C:\Users\3124\.m2\repository\io\netty\netty-codec\4.1.104.Final\netty-codec-4.1.104.Final.jar;C:\Users\3124\.m2\repository\io\netty\netty-handler\4.1.104.Final\netty-handler-4.1.104.Final.jar;C:\Users\3124\.m2\repository\io\netty\netty-codec-http2\4.1.104.Final\netty-codec-http2-4.1.104.Final.jar;C:\Users\3124\.m2\repository\io\netty\netty-resolver-dns\4.1.104.Final\netty-resolver-dns-4.1.104.Final.jar;C:\Users\3124\.m2\repository\io\netty\netty-resolver\4.1.104.Final\netty-resolver-4.1.104.Final.jar;C:\Users\3124\.m2\repository\io\netty\netty-codec-dns\4.1.104.Final\netty-codec-dns-4.1.104.Final.jar;C:\Users\3124\.m2\repository\io\netty\netty-resolver-dns-native-macos\4.1.104.Final\netty-resolver-dns-native-macos-4.1.104.Final-osx-x86_64.jar;C:\Users\3124\.m2\repository\io\netty\netty-resolver-dns-classes-macos\4.1.104.Final\netty-resolver-dns-classes-macos-4.1.104.Final.jar;C:\Users\3124\.m2\repository\io\netty\netty-transport-native-epoll\4.1.104.Final\netty-transport-native-epoll-4.1.104.Final-linux-x86_64.jar;C:\Users\3124\.m2\repository\io\netty\netty-transport-native-unix-common\4.1.104.Final\netty-transport-native-unix-common-4.1.104.Final.jar;C:\Users\3124\.m2\repository\io\netty\netty-transport-classes-epoll\4.1.104.Final\netty-transport-classes-epoll-4.1.104.Final.jar;C:\Users\3124\.m2\repository\io\projectreactor\netty\reactor-netty-core\1.1.14\reactor-netty-core-1.1.14.jar;C:\Users\3124\.m2\repository\io\netty\netty-handler-proxy\4.1.104.Final\netty-handler-proxy-4.1.104.Final.jar;C:\Users\3124\.m2\repository\io\netty\netty-codec-socks\4.1.104.Final\netty-codec-socks-4.1.104.Final.jar;C:\Users\3124\.m2\repository\org\springframework\spring-web\6.1.2\spring-web-6.1.2.jar;C:\Users\3124\.m2\repository\org\springframework\spring-beans\6.1.2\spring-beans-6.1.2.jar;C:\Users\3124\.m2\repository\io\micrometer\micrometer-observation\1.12.1\micrometer-observation-1.12.1.jar;C:\Users\3124\.m2\repository\io\micrometer\micrometer-commons\1.12.1\micrometer-commons-1.12.1.jar;C:\Users\3124\.m2\repository\org\springframework\spring-webflux\6.1.2\spring-webflux-6.1.2.jar;C:\Users\3124\.m2\repository\org\springframework\boot\spring-boot-devtools\3.2.1\spring-boot-devtools-3.2.1.jar;C:\Users\3124\.m2\repository\org\springframework\boot\spring-boot\3.2.1\spring-boot-3.2.1.jar;C:\Users\3124\.m2\repository\org\springframework\spring-context\6.1.2\spring-context-6.1.2.jar;C:\Users\3124\.m2\repository\org\springframework\spring-aop\6.1.2\spring-aop-6.1.2.jar;C:\Users\3124\.m2\repository\org\springframework\spring-expression\6.1.2\spring-expression-6.1.2.jar;C:\Users\3124\.m2\repository\org\springframework\boot\spring-boot-autoconfigure\3.2.1\spring-boot-autoconfigure-3.2.1.jar;C:\Users\3124\.m2\repository\org\projectlombok\lombok\1.18.30\lombok-1.18.30.jar;C:\Users\3124\.m2\repository\org\slf4j\slf4j-api\2.0.9\slf4j-api-2.0.9.jar;C:\Users\3124\.m2\repository\org\springframework\spring-core\6.1.2\spring-core-6.1.2.jar;C:\Users\3124\.m2\repository\org\springframework\spring-jcl\6.1.2\spring-jcl-6.1.2.jar;C:\Users\3124\.m2\repository\io\projectreactor\reactor-core\3.6.1\reactor-core-3.6.1.jar;C:\Users\3124\.m2\repository\org\reactivestreams\reactive-streams\1.0.4\reactive-streams-1.0.4.jar
Launcher Type: SUN_STANDARD

[Global flags]
     intx CICompilerCount                          = 3                                         {product} {ergonomic}
     uint ConcGCThreads                            = 1                                         {product} {ergonomic}
     uint G1ConcRefinementThreads                  = 4                                         {product} {ergonomic}
   size_t G1HeapRegionSize                         = 2097152                                   {product} {ergonomic}
    uintx GCDrainStackTargetSize                   = 64                                        {product} {ergonomic}
   size_t InitialHeapSize                          = 266338304                                 {product} {ergonomic}
   size_t MarkStackSize                            = 4194304                                   {product} {ergonomic}
   size_t MaxHeapSize                              = 4261412864                                {product} {ergonomic}
   size_t MaxNewSize                               = 2556428288                                {product} {ergonomic}
   size_t MinHeapDeltaBytes                        = 2097152                                   {product} {ergonomic}
   size_t MinHeapSize                              = 8388608                                   {product} {ergonomic}
    uintx NonNMethodCodeHeapSize                   = 5832780                                {pd product} {ergonomic}
    uintx NonProfiledCodeHeapSize                  = 122912730                              {pd product} {ergonomic}
    uintx ProfiledCodeHeapSize                     = 122912730                              {pd product} {ergonomic}
    uintx ReservedCodeCacheSize                    = 251658240                              {pd product} {ergonomic}
     bool SegmentedCodeCache                       = true                                      {product} {ergonomic}
   size_t SoftMaxHeapSize                          = 4261412864                             {manageable} {ergonomic}
     bool UseCompressedClassPointers               = true                           {product lp64_product} {ergonomic}
     bool UseCompressedOops                        = true                           {product lp64_product} {ergonomic}
     bool UseG1GC                                  = true                                      {product} {ergonomic}
     bool UseLargePagesIndividualAllocation        = false                                  {pd product} {ergonomic}

Logging:
Log output configuration:
 #0: stdout all=warning uptime,level,tags foldmultilines=false
 #1: stderr all=off uptime,level,tags foldmultilines=false

Environment Variables:
JAVA_HOME=C:\Program Files\Java\jdk1.8.0_241
PATH=C:\Program Files\Common Files\Oracle\Java\javapath;C:\Program Files (x86)\Common Files\Oracle\Java\javapath;C:\WINDOWS\system32;C:\WINDOWS;C:\WINDOWS\System32\Wbem;C:\WINDOWS\System32\WindowsPowerShell\v1.0\;C:\WINDOWS\System32\OpenSSH\;C:\Program Files\Microsoft SQL Server\Client SDK\ODBC\110\Tools\Binn\;C:\Program Files (x86)\Microsoft SQL Server\120\Tools\Binn\ManagementStudio\;C:\Program Files (x86)\Microsoft SQL Server\120\Tools\Binn\;C:\Program Files\Microsoft SQL Server\120\Tools\Binn\;C:\Program Files (x86)\Microsoft SQL Server\120\DTS\Binn\;C:\Program Files\Microsoft SQL Server\120\DTS\Binn\;C:\Program Files\nodejs\;C:\Bitnami\processmaker-3.3.6-0\mysql\bin;C:\Bitnami\processmaker-3.3.6-0\php;C:\Program Files\Java\jdk1.8.0_241;C:\Program Files\Java\jdk1.8.0_241\bin;C:\Users\3124\AppData\Local\Microsoft\WindowsApps;C:\Users\3124\AppData\Local\Programs\Git\cmd;C:\Users\3124\AppData\Roaming\npm;C:\Users\3124\AppData\Local\Programs\Microsoft VS Code\bin;C:\Users\3124\AppData\Local\JetBrains\IntelliJ IDEA Community Edition 2023.1.2\bin;;
USERNAME=3124
OS=Windows_NT
PROCESSOR_IDENTIFIER=Intel64 Family 6 Model 142 Stepping 10, GenuineIntel
TMP=C:\Users\3124\AppData\Local\Temp
TEMP=C:\Users\3124\AppData\Local\Temp




---------------  S Y S T E M  ---------------

OS:
 Windows 11 , 64 bit Build 22621 (10.0.22621.2506)
OS uptime: 5 days 20:35 hours

CPU: total 4 (initial active 4) (2 cores per cpu, 2 threads per core) family 6 model 142 stepping 10 microcode 0xe0, cx8, cmov, fxsr, ht, mmx, 3dnowpref, sse, sse2, sse3, ssse3, sse4.1, sse4.2, popcnt, lzcnt, tsc, tscinvbit, avx, avx2, aes, erms, clmul, bmi1, bmi2, adx, fma, vzeroupper, clflush, clflushopt, rdtscp, f16c

Memory: 4k page, system-wide physical 16253M (1828M free)
TotalPageFile size 44683M (AvailPageFile size 97M)
current process WorkingSet (physical memory assigned to process): 138M, peak: 150M
current process commit charge ("private bytes"): 193M, peak: 394M

vm_info: Java HotSpot(TM) 64-Bit Server VM (20.0.2+9-78) for windows-amd64 JRE (20.0.2+9-78), built on 2023-06-14T10:08:48Z by "mach5one" with MS VC++ 17.1 (VS2022)

END.
